20-Jun-2024 10:57:02.253 信息 [main] org.apache.catalina.startup.VersionLoggerListener.log Server.服务器版本: Apache Tomcat/9.0.45
20-Jun-2024 10:57:02.258 信息 [main] org.apache.catalina.startup.VersionLoggerListener.log 服务器构建:        Mar 30 2021 10:29:04 UTC
20-Jun-2024 10:57:02.258 信息 [main] org.apache.catalina.startup.VersionLoggerListener.log 服务器版本号:      9.0.45.0
20-Jun-2024 10:57:02.258 信息 [main] org.apache.catalina.startup.VersionLoggerListener.log 操作系统名称:      Windows 10
20-Jun-2024 10:57:02.258 信息 [main] org.apache.catalina.startup.VersionLoggerListener.log OS.版本:           10.0
20-Jun-2024 10:57:02.258 信息 [main] org.apache.catalina.startup.VersionLoggerListener.log 架构:              amd64
20-Jun-2024 10:57:02.259 信息 [main] org.apache.catalina.startup.VersionLoggerListener.log Java 环境变量:     C:\Program Files\Java\jdk1.8.0_181\jre
20-Jun-2024 10:57:02.259 信息 [main] org.apache.catalina.startup.VersionLoggerListener.log Java虚拟机版本:    1.8.0_181-b13
20-Jun-2024 10:57:02.259 信息 [main] org.apache.catalina.startup.VersionLoggerListener.log JVM.供应商:        Oracle Corporation
20-Jun-2024 10:57:02.259 信息 [main] org.apache.catalina.startup.VersionLoggerListener.log CATALINA_BASE:     D:\mybatistest\cloudlibrary
20-Jun-2024 10:57:02.259 信息 [main] org.apache.catalina.startup.VersionLoggerListener.log CATALINA_HOME:     C:\Apache Software Foundation\Tomcat 9.0_Tomcat9.0
20-Jun-2024 10:57:02.262 信息 [main] org.apache.catalina.startup.VersionLoggerListener.log 命令行参数：       -Dcatalina.home=C:\Apache Software Foundation\Tomcat 9.0_Tomcat9.0
20-Jun-2024 10:57:02.262 信息 [main] org.apache.catalina.startup.VersionLoggerListener.log 命令行参数：       -Dcatalina.base=D:\mybatistest\cloudlibrary
20-Jun-2024 10:57:02.262 信息 [main] org.apache.catalina.startup.VersionLoggerListener.log 命令行参数：       -Djava.io.tmpdir=D:\mybatistest\cloudlibrary\temp
20-Jun-2024 10:57:02.262 信息 [main] org.apache.catalina.startup.VersionLoggerListener.log 命令行参数：       -Djava.util.logging.config.file=D:\mybatistest\cloudlibrary\conf\logging.properties
20-Jun-2024 10:57:02.262 信息 [main] org.apache.catalina.startup.VersionLoggerListener.log 命令行参数：       -Djava.util.logging.manager=org.apache.juli.ClassLoaderLogManager
20-Jun-2024 10:57:02.262 信息 [main] org.apache.catalina.startup.VersionLoggerListener.log 命令行参数：       -javaagent:D:\IntelliJ IDEA Community Edition 2023.2.1\lib\idea_rt.jar=17213:D:\IntelliJ IDEA Community Edition 2023.2.1\bin
20-Jun-2024 10:57:02.262 信息 [main] org.apache.catalina.startup.VersionLoggerListener.log 命令行参数：       -Dfile.encoding=UTF-8
20-Jun-2024 10:57:02.268 信息 [main] org.apache.catalina.core.AprLifecycleListener.lifecycleEvent 在java.library.path:[C:\Program Files\Java\jdk1.8.0_181\bin;C:\Windows\Sun\Java\bin;C:\Windows\system32;C:\Windows;C:\Program Files (x86)\VMware\VMware Player\bin\;C:\Program Files (x86)\Common Files\Oracle\Java\javapath;C:\Python37\Scripts\;C:\Python37\;C:\Program Files\Common Files\Oracle\Java\javapath;"C:\Program Files\Java\jdk1.8.0_181\bin;C:\Program Files\Common Files\Oracle\Java\javapath";C:\Windows\system32;C:\Windows;C:\Windows\System32\Wbem;C:\Windows\System32\WindowsPowerShell\v1.0\;C:\Windows\System32\OpenSSH\;C:\Program Files\Java\jdk1.8.0_181\bin;C:\Program Files\Java\jdk1.8.0_181\jre\bin;C:\Apache Software Foundation\Tomcat 9.0_Tomcat9.0\bin;C:\MinGW\bin;C:\微信web开发者工具\dll;C:\Program Files\nodejs\;C:\Users\umbrella\AppData\Local\Microsoft\WindowsApps;D:\IntelliJ IDEA 2021.2.3\bin;;C:\PyCharm Community Edition 2020.2.3\bin;;D:\IntelliJ IDEA Community Edition 2023.2.1\bin;;C:\Users\umbrella\AppData\Local\Programs\Microsoft VS Code\bin;C:\Users\umbrella\AppData\Roaming\npm;D:\Program Files (x86)\Nmap;.]上找不到基于APR的Apache Tomcat本机库，该库允许在生产环境中获得最佳性能
20-Jun-2024 10:57:02.684 信息 [main] org.apache.coyote.AbstractProtocol.init 初始化协议处理器 ["http-nio-8080"]
20-Jun-2024 10:57:02.965 严重 [main] org.apache.catalina.util.LifecycleBase.handleSubClassException 初始化组件[Connector[HTTP/1.1-8080]]失败。
	org.apache.catalina.LifecycleException: 协议处理程序初始化失败
		at org.apache.catalina.connector.Connector.initInternal(Connector.java:1048)
		at org.apache.catalina.util.LifecycleBase.init(LifecycleBase.java:136)
		at org.apache.catalina.core.StandardService.initInternal(StandardService.java:556)
		at org.apache.catalina.util.LifecycleBase.init(LifecycleBase.java:136)
		at org.apache.catalina.core.StandardServer.initInternal(StandardServer.java:1045)
		at org.apache.catalina.util.LifecycleBase.init(LifecycleBase.java:136)
		at org.apache.catalina.startup.Catalina.load(Catalina.java:724)
		at org.apache.catalina.startup.Catalina.load(Catalina.java:746)
		at sun.reflect.NativeMethodAccessorImpl.invoke0(Native Method)
		at sun.reflect.NativeMethodAccessorImpl.invoke(NativeMethodAccessorImpl.java:62)
		at sun.reflect.DelegatingMethodAccessorImpl.invoke(DelegatingMethodAccessorImpl.java:43)
		at java.lang.reflect.Method.invoke(Method.java:498)
		at org.apache.catalina.startup.Bootstrap.load(Bootstrap.java:302)
		at org.apache.catalina.startup.Bootstrap.main(Bootstrap.java:472)
	Caused by: java.net.BindException: Address already in use: bind
		at sun.nio.ch.Net.bind0(Native Method)
		at sun.nio.ch.Net.bind(Net.java:433)
		at sun.nio.ch.Net.bind(Net.java:425)
		at sun.nio.ch.ServerSocketChannelImpl.bind(ServerSocketChannelImpl.java:223)
		at org.apache.tomcat.util.net.NioEndpoint.initServerSocket(NioEndpoint.java:300)
		at org.apache.tomcat.util.net.NioEndpoint.bind(NioEndpoint.java:253)
		at org.apache.tomcat.util.net.AbstractEndpoint.bindWithCleanup(AbstractEndpoint.java:1204)
		at org.apache.tomcat.util.net.AbstractEndpoint.init(AbstractEndpoint.java:1217)
		at org.apache.coyote.AbstractProtocol.init(AbstractProtocol.java:603)
		at org.apache.coyote.http11.AbstractHttp11Protocol.init(AbstractHttp11Protocol.java:80)
		at org.apache.catalina.connector.Connector.initInternal(Connector.java:1045)
		... 13 more
20-Jun-2024 10:57:02.967 信息 [main] org.apache.catalina.startup.Catalina.load 服务器在[1033]毫秒内初始化
20-Jun-2024 10:57:03.007 信息 [main] org.apache.catalina.core.StandardService.startInternal 正在启动服务[Catalina]
20-Jun-2024 10:57:03.008 信息 [main] org.apache.catalina.core.StandardEngine.startInternal 正在启动 Servlet 引擎：[Apache Tomcat/9.0.45]
20-Jun-2024 10:57:03.020 信息 [main] org.apache.catalina.startup.HostConfig.deployDescriptor 正在部署部署描述符[D:\mybatistest\cloudlibrary\conf\Catalina\localhost\cloudlibrary.xml]。
20-Jun-2024 10:57:06.192 信息 [main] org.apache.jasper.servlet.TldScanner.scanJars 至少有一个JAR被扫描用于TLD但尚未包含TLD。 为此记录器启用调试日志记录，以获取已扫描但未在其中找到TLD的完整JAR列表。 在扫描期间跳过不需要的JAR可以缩短启动时间和JSP编译时间。
20-Jun-2024 10:57:09.584 信息 [main] org.apache.catalina.startup.HostConfig.deployDescriptor 部署描述符[D:\mybatistest\cloudlibrary\conf\Catalina\localhost\cloudlibrary.xml]的部署已在[6,562]ms内完成
20-Jun-2024 10:57:09.588 信息 [main] org.apache.catalina.startup.Catalina.start [6621]毫秒后服务器启动
20-Jun-2024 10:58:08.495 信息 [Thread-3] org.apache.coyote.AbstractProtocol.pause 暂停ProtocolHandler["http-nio-8080"]
20-Jun-2024 10:58:08.495 信息 [Thread-3] org.apache.catalina.core.StandardService.stopInternal 正在停止服务[Catalina]
20-Jun-2024 10:58:08.518 信息 [Thread-3] org.apache.coyote.AbstractProtocol.stop 正在停止ProtocolHandler ["http-nio-8080"]
20-Jun-2024 10:58:08.519 信息 [Thread-3] org.apache.coyote.AbstractProtocol.destroy 正在摧毁协议处理器 ["http-nio-8080"]
20-Jun-2024 10:58:11.807 信息 [main] org.apache.catalina.startup.VersionLoggerListener.log Server.服务器版本: Apache Tomcat/9.0.45
20-Jun-2024 10:58:11.812 信息 [main] org.apache.catalina.startup.VersionLoggerListener.log 服务器构建:        Mar 30 2021 10:29:04 UTC
20-Jun-2024 10:58:11.812 信息 [main] org.apache.catalina.startup.VersionLoggerListener.log 服务器版本号:      9.0.45.0
20-Jun-2024 10:58:11.812 信息 [main] org.apache.catalina.startup.VersionLoggerListener.log 操作系统名称:      Windows 10
20-Jun-2024 10:58:11.812 信息 [main] org.apache.catalina.startup.VersionLoggerListener.log OS.版本:           10.0
20-Jun-2024 10:58:11.812 信息 [main] org.apache.catalina.startup.VersionLoggerListener.log 架构:              amd64
20-Jun-2024 10:58:11.812 信息 [main] org.apache.catalina.startup.VersionLoggerListener.log Java 环境变量:     C:\Program Files\Java\jdk1.8.0_181\jre
20-Jun-2024 10:58:11.812 信息 [main] org.apache.catalina.startup.VersionLoggerListener.log Java虚拟机版本:    1.8.0_181-b13
20-Jun-2024 10:58:11.812 信息 [main] org.apache.catalina.startup.VersionLoggerListener.log JVM.供应商:        Oracle Corporation
20-Jun-2024 10:58:11.812 信息 [main] org.apache.catalina.startup.VersionLoggerListener.log CATALINA_BASE:     D:\mybatistest\cloudlibrary
20-Jun-2024 10:58:11.812 信息 [main] org.apache.catalina.startup.VersionLoggerListener.log CATALINA_HOME:     C:\Apache Software Foundation\Tomcat 9.0_Tomcat9.0
20-Jun-2024 10:58:11.815 信息 [main] org.apache.catalina.startup.VersionLoggerListener.log 命令行参数：       -Dcatalina.home=C:\Apache Software Foundation\Tomcat 9.0_Tomcat9.0
20-Jun-2024 10:58:11.815 信息 [main] org.apache.catalina.startup.VersionLoggerListener.log 命令行参数：       -Dcatalina.base=D:\mybatistest\cloudlibrary
20-Jun-2024 10:58:11.815 信息 [main] org.apache.catalina.startup.VersionLoggerListener.log 命令行参数：       -Djava.io.tmpdir=D:\mybatistest\cloudlibrary\temp
20-Jun-2024 10:58:11.815 信息 [main] org.apache.catalina.startup.VersionLoggerListener.log 命令行参数：       -Djava.util.logging.config.file=D:\mybatistest\cloudlibrary\conf\logging.properties
20-Jun-2024 10:58:11.815 信息 [main] org.apache.catalina.startup.VersionLoggerListener.log 命令行参数：       -Djava.util.logging.manager=org.apache.juli.ClassLoaderLogManager
20-Jun-2024 10:58:11.815 信息 [main] org.apache.catalina.startup.VersionLoggerListener.log 命令行参数：       -javaagent:D:\IntelliJ IDEA Community Edition 2023.2.1\lib\idea_rt.jar=17276:D:\IntelliJ IDEA Community Edition 2023.2.1\bin
20-Jun-2024 10:58:11.815 信息 [main] org.apache.catalina.startup.VersionLoggerListener.log 命令行参数：       -Dfile.encoding=UTF-8
20-Jun-2024 10:58:11.822 信息 [main] org.apache.catalina.core.AprLifecycleListener.lifecycleEvent 在java.library.path:[C:\Program Files\Java\jdk1.8.0_181\bin;C:\Windows\Sun\Java\bin;C:\Windows\system32;C:\Windows;C:\Program Files (x86)\VMware\VMware Player\bin\;C:\Program Files (x86)\Common Files\Oracle\Java\javapath;C:\Python37\Scripts\;C:\Python37\;C:\Program Files\Common Files\Oracle\Java\javapath;"C:\Program Files\Java\jdk1.8.0_181\bin;C:\Program Files\Common Files\Oracle\Java\javapath";C:\Windows\system32;C:\Windows;C:\Windows\System32\Wbem;C:\Windows\System32\WindowsPowerShell\v1.0\;C:\Windows\System32\OpenSSH\;C:\Program Files\Java\jdk1.8.0_181\bin;C:\Program Files\Java\jdk1.8.0_181\jre\bin;C:\Apache Software Foundation\Tomcat 9.0_Tomcat9.0\bin;C:\MinGW\bin;C:\微信web开发者工具\dll;C:\Program Files\nodejs\;C:\Users\umbrella\AppData\Local\Microsoft\WindowsApps;D:\IntelliJ IDEA 2021.2.3\bin;;C:\PyCharm Community Edition 2020.2.3\bin;;D:\IntelliJ IDEA Community Edition 2023.2.1\bin;;C:\Users\umbrella\AppData\Local\Programs\Microsoft VS Code\bin;C:\Users\umbrella\AppData\Roaming\npm;D:\Program Files (x86)\Nmap;.]上找不到基于APR的Apache Tomcat本机库，该库允许在生产环境中获得最佳性能
20-Jun-2024 10:58:12.195 信息 [main] org.apache.coyote.AbstractProtocol.init 初始化协议处理器 ["http-nio-8080"]
20-Jun-2024 10:58:12.576 严重 [main] org.apache.catalina.util.LifecycleBase.handleSubClassException 初始化组件[Connector[HTTP/1.1-8080]]失败。
	org.apache.catalina.LifecycleException: 协议处理程序初始化失败
		at org.apache.catalina.connector.Connector.initInternal(Connector.java:1048)
		at org.apache.catalina.util.LifecycleBase.init(LifecycleBase.java:136)
		at org.apache.catalina.core.StandardService.initInternal(StandardService.java:556)
		at org.apache.catalina.util.LifecycleBase.init(LifecycleBase.java:136)
		at org.apache.catalina.core.StandardServer.initInternal(StandardServer.java:1045)
		at org.apache.catalina.util.LifecycleBase.init(LifecycleBase.java:136)
		at org.apache.catalina.startup.Catalina.load(Catalina.java:724)
		at org.apache.catalina.startup.Catalina.load(Catalina.java:746)
		at sun.reflect.NativeMethodAccessorImpl.invoke0(Native Method)
		at sun.reflect.NativeMethodAccessorImpl.invoke(NativeMethodAccessorImpl.java:62)
		at sun.reflect.DelegatingMethodAccessorImpl.invoke(DelegatingMethodAccessorImpl.java:43)
		at java.lang.reflect.Method.invoke(Method.java:498)
		at org.apache.catalina.startup.Bootstrap.load(Bootstrap.java:302)
		at org.apache.catalina.startup.Bootstrap.main(Bootstrap.java:472)
	Caused by: java.net.BindException: Address already in use: bind
		at sun.nio.ch.Net.bind0(Native Method)
		at sun.nio.ch.Net.bind(Net.java:433)
		at sun.nio.ch.Net.bind(Net.java:425)
		at sun.nio.ch.ServerSocketChannelImpl.bind(ServerSocketChannelImpl.java:223)
		at org.apache.tomcat.util.net.NioEndpoint.initServerSocket(NioEndpoint.java:300)
		at org.apache.tomcat.util.net.NioEndpoint.bind(NioEndpoint.java:253)
		at org.apache.tomcat.util.net.AbstractEndpoint.bindWithCleanup(AbstractEndpoint.java:1204)
		at org.apache.tomcat.util.net.AbstractEndpoint.init(AbstractEndpoint.java:1217)
		at org.apache.coyote.AbstractProtocol.init(AbstractProtocol.java:603)
		at org.apache.coyote.http11.AbstractHttp11Protocol.init(AbstractHttp11Protocol.java:80)
		at org.apache.catalina.connector.Connector.initInternal(Connector.java:1045)
		... 13 more
20-Jun-2024 10:58:12.577 信息 [main] org.apache.catalina.startup.Catalina.load 服务器在[1020]毫秒内初始化
20-Jun-2024 10:58:12.608 信息 [main] org.apache.catalina.core.StandardService.startInternal 正在启动服务[Catalina]
20-Jun-2024 10:58:12.608 信息 [main] org.apache.catalina.core.StandardEngine.startInternal 正在启动 Servlet 引擎：[Apache Tomcat/9.0.45]
20-Jun-2024 10:58:12.617 信息 [main] org.apache.catalina.startup.HostConfig.deployDescriptor 正在部署部署描述符[D:\mybatistest\cloudlibrary\conf\Catalina\localhost\cloudlibrary.xml]。
20-Jun-2024 10:58:15.030 信息 [main] org.apache.jasper.servlet.TldScanner.scanJars 至少有一个JAR被扫描用于TLD但尚未包含TLD。 为此记录器启用调试日志记录，以获取已扫描但未在其中找到TLD的完整JAR列表。 在扫描期间跳过不需要的JAR可以缩短启动时间和JSP编译时间。
20-Jun-2024 10:58:18.206 信息 [main] org.apache.catalina.startup.HostConfig.deployDescriptor 部署描述符[D:\mybatistest\cloudlibrary\conf\Catalina\localhost\cloudlibrary.xml]的部署已在[5,588]ms内完成
20-Jun-2024 10:58:18.210 信息 [main] org.apache.catalina.startup.Catalina.start [5632]毫秒后服务器启动
